<?xml version="1.0" encoding="UTF-8"?>
<testsuite xmlns:xsi="http://www.w3.org/2001/XMLSchema-instance" xsi:noNamespaceSchemaLocation="https://maven.apache.org/surefire/maven-surefire-plugin/xsd/surefire-test-report.xsd" version="3.0.2" name="com.microservices.twitter.to.kafka.service.TwitterToKafkaApplicationTest" time="3.448" tests="1" errors="0" skipped="0" failures="0">
  <properties>
    <property name="java.specification.version" value="22"/>
    <property name="sun.jnu.encoding" value="UTF-8"/>
    <property name="java.class.path" value="/Users/aouidetoussama/workspace_event-driven-design/twitter-to-kafka-service/target/test-classes:/Users/aouidetoussama/workspace_event-driven-design/twitter-to-kafka-service/target/classes:/Users/aouidetoussama/.m2/repository/org/springframework/boot/spring-boot-starter/3.4.5/spring-boot-starter-3.4.5.jar:/Users/aouidetoussama/.m2/repository/org/springframework/boot/spring-boot/3.4.5/spring-boot-3.4.5.jar:/Users/aouidetoussama/.m2/repository/org/springframework/spring-context/6.2.6/spring-context-6.2.6.jar:/Users/aouidetoussama/.m2/repository/org/springframework/spring-aop/6.2.6/spring-aop-6.2.6.jar:/Users/aouidetoussama/.m2/repository/org/springframework/spring-beans/6.2.6/spring-beans-6.2.6.jar:/Users/aouidetoussama/.m2/repository/org/springframework/spring-expression/6.2.6/spring-expression-6.2.6.jar:/Users/aouidetoussama/.m2/repository/io/micrometer/micrometer-observation/1.14.6/micrometer-observation-1.14.6.jar:/Users/aouidetoussama/.m2/repository/io/micrometer/micrometer-commons/1.14.6/micrometer-commons-1.14.6.jar:/Users/aouidetoussama/.m2/repository/org/springframework/boot/spring-boot-autoconfigure/3.4.5/spring-boot-autoconfigure-3.4.5.jar:/Users/aouidetoussama/.m2/repository/org/springframework/boot/spring-boot-starter-logging/3.4.5/spring-boot-starter-logging-3.4.5.jar:/Users/aouidetoussama/.m2/repository/ch/qos/logback/logback-classic/1.5.18/logback-classic-1.5.18.jar:/Users/aouidetoussama/.m2/repository/ch/qos/logback/logback-core/1.5.18/logback-core-1.5.18.jar:/Users/aouidetoussama/.m2/repository/org/apache/logging/log4j/log4j-to-slf4j/2.24.3/log4j-to-slf4j-2.24.3.jar:/Users/aouidetoussama/.m2/repository/org/apache/logging/log4j/log4j-api/2.24.3/log4j-api-2.24.3.jar:/Users/aouidetoussama/.m2/repository/org/slf4j/jul-to-slf4j/2.0.17/jul-to-slf4j-2.0.17.jar:/Users/aouidetoussama/.m2/repository/jakarta/annotation/jakarta.annotation-api/2.1.1/jakarta.annotation-api-2.1.1.jar:/Users/aouidetoussama/.m2/repository/org/springframework/spring-core/6.2.6/spring-core-6.2.6.jar:/Users/aouidetoussama/.m2/repository/org/springframework/spring-jcl/6.2.6/spring-jcl-6.2.6.jar:/Users/aouidetoussama/.m2/repository/org/yaml/snakeyaml/2.3/snakeyaml-2.3.jar:/Users/aouidetoussama/.m2/repository/org/springframework/boot/spring-boot-starter-test/3.4.5/spring-boot-starter-test-3.4.5.jar:/Users/aouidetoussama/.m2/repository/org/springframework/boot/spring-boot-test/3.4.5/spring-boot-test-3.4.5.jar:/Users/aouidetoussama/.m2/repository/org/springframework/boot/spring-boot-test-autoconfigure/3.4.5/spring-boot-test-autoconfigure-3.4.5.jar:/Users/aouidetoussama/.m2/repository/com/jayway/jsonpath/json-path/2.9.0/json-path-2.9.0.jar:/Users/aouidetoussama/.m2/repository/org/slf4j/slf4j-api/2.0.17/slf4j-api-2.0.17.jar:/Users/aouidetoussama/.m2/repository/jakarta/xml/bind/jakarta.xml.bind-api/4.0.2/jakarta.xml.bind-api-4.0.2.jar:/Users/aouidetoussama/.m2/repository/jakarta/activation/jakarta.activation-api/2.1.3/jakarta.activation-api-2.1.3.jar:/Users/aouidetoussama/.m2/repository/net/minidev/json-smart/2.5.2/json-smart-2.5.2.jar:/Users/aouidetoussama/.m2/repository/net/minidev/accessors-smart/2.5.2/accessors-smart-2.5.2.jar:/Users/aouidetoussama/.m2/repository/org/ow2/asm/asm/9.7.1/asm-9.7.1.jar:/Users/aouidetoussama/.m2/repository/org/assertj/assertj-core/3.26.3/assertj-core-3.26.3.jar:/Users/aouidetoussama/.m2/repository/net/bytebuddy/byte-buddy/1.15.11/byte-buddy-1.15.11.jar:/Users/aouidetoussama/.m2/repository/org/awaitility/awaitility/4.2.2/awaitility-4.2.2.jar:/Users/aouidetoussama/.m2/repository/org/hamcrest/hamcrest/2.2/hamcrest-2.2.jar:/Users/aouidetoussama/.m2/repository/org/junit/jupiter/junit-jupiter/5.11.4/junit-jupiter-5.11.4.jar:/Users/aouidetoussama/.m2/repository/org/junit/jupiter/junit-jupiter-api/5.11.4/junit-jupiter-api-5.11.4.jar:/Users/aouidetoussama/.m2/repository/org/opentest4j/opentest4j/1.3.0/opentest4j-1.3.0.jar:/Users/aouidetoussama/.m2/repository/org/junit/platform/junit-platform-commons/1.11.4/junit-platform-commons-1.11.4.jar:/Users/aouidetoussama/.m2/repository/org/apiguardian/apiguardian-api/1.1.2/apiguardian-api-1.1.2.jar:/Users/aouidetoussama/.m2/repository/org/junit/jupiter/junit-jupiter-params/5.11.4/junit-jupiter-params-5.11.4.jar:/Users/aouidetoussama/.m2/repository/org/junit/jupiter/junit-jupiter-engine/5.11.4/junit-jupiter-engine-5.11.4.jar:/Users/aouidetoussama/.m2/repository/org/junit/platform/junit-platform-engine/1.11.4/junit-platform-engine-1.11.4.jar:/Users/aouidetoussama/.m2/repository/org/mockito/mockito-core/5.14.2/mockito-core-5.14.2.jar:/Users/aouidetoussama/.m2/repository/net/bytebuddy/byte-buddy-agent/1.15.11/byte-buddy-agent-1.15.11.jar:/Users/aouidetoussama/.m2/repository/org/objenesis/objenesis/3.3/objenesis-3.3.jar:/Users/aouidetoussama/.m2/repository/org/mockito/mockito-junit-jupiter/5.14.2/mockito-junit-jupiter-5.14.2.jar:/Users/aouidetoussama/.m2/repository/org/skyscreamer/jsonassert/1.5.3/jsonassert-1.5.3.jar:/Users/aouidetoussama/.m2/repository/com/vaadin/external/google/android-json/0.0.20131108.vaadin1/android-json-0.0.20131108.vaadin1.jar:/Users/aouidetoussama/.m2/repository/org/springframework/spring-test/6.2.6/spring-test-6.2.6.jar:/Users/aouidetoussama/.m2/repository/org/xmlunit/xmlunit-core/2.10.0/xmlunit-core-2.10.0.jar:/Users/aouidetoussama/.m2/repository/org/twitter4j/twitter4j-stream/4.0.7/twitter4j-stream-4.0.7.jar:/Users/aouidetoussama/.m2/repository/org/twitter4j/twitter4j-core/4.0.7/twitter4j-core-4.0.7.jar:/Users/aouidetoussama/.m2/repository/org/projectlombok/lombok/1.18.36/lombok-1.18.36.jar:"/>
    <property name="java.vm.vendor" value="Oracle Corporation"/>
    <property name="sun.arch.data.model" value="64"/>
    <property name="java.vendor.url" value="https://java.oracle.com/"/>
    <property name="user.timezone" value="Europe/Paris"/>
    <property name="os.name" value="Mac OS X"/>
    <property name="java.vm.specification.version" value="22"/>
    <property name="sun.java.launcher" value="SUN_STANDARD"/>
    <property name="user.country" value="FR"/>
    <property name="sun.boot.library.path" value="/Users/aouidetoussama/Library/Java/JavaVirtualMachines/openjdk-22.0.1/Contents/Home/lib"/>
    <property name="sun.java.command" value="/Users/aouidetoussama/workspace_event-driven-design/twitter-to-kafka-service/target/surefire/surefirebooter-20250509095040795_3.jar /Users/aouidetoussama/workspace_event-driven-design/twitter-to-kafka-service/target/surefire 2025-05-09T09-50-40_673-jvmRun1 surefire-20250509095040795_1tmp surefire_0-20250509095040795_2tmp"/>
    <property name="http.nonProxyHosts" value="local|*.local|169.254/16|*.169.254/16"/>
    <property name="jdk.debug" value="release"/>
    <property name="surefire.test.class.path" value="/Users/aouidetoussama/workspace_event-driven-design/twitter-to-kafka-service/target/test-classes:/Users/aouidetoussama/workspace_event-driven-design/twitter-to-kafka-service/target/classes:/Users/aouidetoussama/.m2/repository/org/springframework/boot/spring-boot-starter/3.4.5/spring-boot-starter-3.4.5.jar:/Users/aouidetoussama/.m2/repository/org/springframework/boot/spring-boot/3.4.5/spring-boot-3.4.5.jar:/Users/aouidetoussama/.m2/repository/org/springframework/spring-context/6.2.6/spring-context-6.2.6.jar:/Users/aouidetoussama/.m2/repository/org/springframework/spring-aop/6.2.6/spring-aop-6.2.6.jar:/Users/aouidetoussama/.m2/repository/org/springframework/spring-beans/6.2.6/spring-beans-6.2.6.jar:/Users/aouidetoussama/.m2/repository/org/springframework/spring-expression/6.2.6/spring-expression-6.2.6.jar:/Users/aouidetoussama/.m2/repository/io/micrometer/micrometer-observation/1.14.6/micrometer-observation-1.14.6.jar:/Users/aouidetoussama/.m2/repository/io/micrometer/micrometer-commons/1.14.6/micrometer-commons-1.14.6.jar:/Users/aouidetoussama/.m2/repository/org/springframework/boot/spring-boot-autoconfigure/3.4.5/spring-boot-autoconfigure-3.4.5.jar:/Users/aouidetoussama/.m2/repository/org/springframework/boot/spring-boot-starter-logging/3.4.5/spring-boot-starter-logging-3.4.5.jar:/Users/aouidetoussama/.m2/repository/ch/qos/logback/logback-classic/1.5.18/logback-classic-1.5.18.jar:/Users/aouidetoussama/.m2/repository/ch/qos/logback/logback-core/1.5.18/logback-core-1.5.18.jar:/Users/aouidetoussama/.m2/repository/org/apache/logging/log4j/log4j-to-slf4j/2.24.3/log4j-to-slf4j-2.24.3.jar:/Users/aouidetoussama/.m2/repository/org/apache/logging/log4j/log4j-api/2.24.3/log4j-api-2.24.3.jar:/Users/aouidetoussama/.m2/repository/org/slf4j/jul-to-slf4j/2.0.17/jul-to-slf4j-2.0.17.jar:/Users/aouidetoussama/.m2/repository/jakarta/annotation/jakarta.annotation-api/2.1.1/jakarta.annotation-api-2.1.1.jar:/Users/aouidetoussama/.m2/repository/org/springframework/spring-core/6.2.6/spring-core-6.2.6.jar:/Users/aouidetoussama/.m2/repository/org/springframework/spring-jcl/6.2.6/spring-jcl-6.2.6.jar:/Users/aouidetoussama/.m2/repository/org/yaml/snakeyaml/2.3/snakeyaml-2.3.jar:/Users/aouidetoussama/.m2/repository/org/springframework/boot/spring-boot-starter-test/3.4.5/spring-boot-starter-test-3.4.5.jar:/Users/aouidetoussama/.m2/repository/org/springframework/boot/spring-boot-test/3.4.5/spring-boot-test-3.4.5.jar:/Users/aouidetoussama/.m2/repository/org/springframework/boot/spring-boot-test-autoconfigure/3.4.5/spring-boot-test-autoconfigure-3.4.5.jar:/Users/aouidetoussama/.m2/repository/com/jayway/jsonpath/json-path/2.9.0/json-path-2.9.0.jar:/Users/aouidetoussama/.m2/repository/org/slf4j/slf4j-api/2.0.17/slf4j-api-2.0.17.jar:/Users/aouidetoussama/.m2/repository/jakarta/xml/bind/jakarta.xml.bind-api/4.0.2/jakarta.xml.bind-api-4.0.2.jar:/Users/aouidetoussama/.m2/repository/jakarta/activation/jakarta.activation-api/2.1.3/jakarta.activation-api-2.1.3.jar:/Users/aouidetoussama/.m2/repository/net/minidev/json-smart/2.5.2/json-smart-2.5.2.jar:/Users/aouidetoussama/.m2/repository/net/minidev/accessors-smart/2.5.2/accessors-smart-2.5.2.jar:/Users/aouidetoussama/.m2/repository/org/ow2/asm/asm/9.7.1/asm-9.7.1.jar:/Users/aouidetoussama/.m2/repository/org/assertj/assertj-core/3.26.3/assertj-core-3.26.3.jar:/Users/aouidetoussama/.m2/repository/net/bytebuddy/byte-buddy/1.15.11/byte-buddy-1.15.11.jar:/Users/aouidetoussama/.m2/repository/org/awaitility/awaitility/4.2.2/awaitility-4.2.2.jar:/Users/aouidetoussama/.m2/repository/org/hamcrest/hamcrest/2.2/hamcrest-2.2.jar:/Users/aouidetoussama/.m2/repository/org/junit/jupiter/junit-jupiter/5.11.4/junit-jupiter-5.11.4.jar:/Users/aouidetoussama/.m2/repository/org/junit/jupiter/junit-jupiter-api/5.11.4/junit-jupiter-api-5.11.4.jar:/Users/aouidetoussama/.m2/repository/org/opentest4j/opentest4j/1.3.0/opentest4j-1.3.0.jar:/Users/aouidetoussama/.m2/repository/org/junit/platform/junit-platform-commons/1.11.4/junit-platform-commons-1.11.4.jar:/Users/aouidetoussama/.m2/repository/org/apiguardian/apiguardian-api/1.1.2/apiguardian-api-1.1.2.jar:/Users/aouidetoussama/.m2/repository/org/junit/jupiter/junit-jupiter-params/5.11.4/junit-jupiter-params-5.11.4.jar:/Users/aouidetoussama/.m2/repository/org/junit/jupiter/junit-jupiter-engine/5.11.4/junit-jupiter-engine-5.11.4.jar:/Users/aouidetoussama/.m2/repository/org/junit/platform/junit-platform-engine/1.11.4/junit-platform-engine-1.11.4.jar:/Users/aouidetoussama/.m2/repository/org/mockito/mockito-core/5.14.2/mockito-core-5.14.2.jar:/Users/aouidetoussama/.m2/repository/net/bytebuddy/byte-buddy-agent/1.15.11/byte-buddy-agent-1.15.11.jar:/Users/aouidetoussama/.m2/repository/org/objenesis/objenesis/3.3/objenesis-3.3.jar:/Users/aouidetoussama/.m2/repository/org/mockito/mockito-junit-jupiter/5.14.2/mockito-junit-jupiter-5.14.2.jar:/Users/aouidetoussama/.m2/repository/org/skyscreamer/jsonassert/1.5.3/jsonassert-1.5.3.jar:/Users/aouidetoussama/.m2/repository/com/vaadin/external/google/android-json/0.0.20131108.vaadin1/android-json-0.0.20131108.vaadin1.jar:/Users/aouidetoussama/.m2/repository/org/springframework/spring-test/6.2.6/spring-test-6.2.6.jar:/Users/aouidetoussama/.m2/repository/org/xmlunit/xmlunit-core/2.10.0/xmlunit-core-2.10.0.jar:/Users/aouidetoussama/.m2/repository/org/twitter4j/twitter4j-stream/4.0.7/twitter4j-stream-4.0.7.jar:/Users/aouidetoussama/.m2/repository/org/twitter4j/twitter4j-core/4.0.7/twitter4j-core-4.0.7.jar:/Users/aouidetoussama/.m2/repository/org/projectlombok/lombok/1.18.36/lombok-1.18.36.jar:"/>
    <property name="sun.cpu.endian" value="little"/>
    <property name="user.home" value="/Users/aouidetoussama"/>
    <property name="user.language" value="fr"/>
    <property name="java.specification.vendor" value="Oracle Corporation"/>
    <property name="java.version.date" value="2024-04-16"/>
    <property name="java.home" value="/Users/aouidetoussama/Library/Java/JavaVirtualMachines/openjdk-22.0.1/Contents/Home"/>
    <property name="file.separator" value="/"/>
    <property name="basedir" value="/Users/aouidetoussama/workspace_event-driven-design/twitter-to-kafka-service"/>
    <property name="java.vm.compressedOopsMode" value="Zero based"/>
    <property name="line.separator" value="&#10;"/>
    <property name="java.vm.specification.vendor" value="Oracle Corporation"/>
    <property name="java.specification.name" value="Java Platform API Specification"/>
    <property name="FILE_LOG_CHARSET" value="UTF-8"/>
    <property name="java.awt.headless" value="true"/>
    <property name="apple.awt.application.name" value="ForkedBooter"/>
    <property name="surefire.real.class.path" value="/Users/aouidetoussama/workspace_event-driven-design/twitter-to-kafka-service/target/surefire/surefirebooter-20250509095040795_3.jar"/>
    <property name="sun.management.compiler" value="HotSpot 64-Bit Tiered Compilers"/>
    <property name="ftp.nonProxyHosts" value="local|*.local|169.254/16|*.169.254/16"/>
    <property name="java.runtime.version" value="22.0.1+8-16"/>
    <property name="user.name" value="aouidetoussama"/>
    <property name="stdout.encoding" value="UTF-8"/>
    <property name="path.separator" value=":"/>
    <property name="os.version" value="14.3.1"/>
    <property name="java.runtime.name" value="OpenJDK Runtime Environment"/>
    <property name="file.encoding" value="UTF-8"/>
    <property name="java.vm.name" value="OpenJDK 64-Bit Server VM"/>
    <property name="localRepository" value="/Users/aouidetoussama/.m2/repository"/>
    <property name="java.vendor.url.bug" value="https://bugreport.java.com/bugreport/"/>
    <property name="java.io.tmpdir" value="/var/folders/z7/4p1066ln7zz38h66l1dvknqh0000gn/T/"/>
    <property name="idea.version" value="2024.1.3"/>
    <property name="java.version" value="22.0.1"/>
    <property name="user.dir" value="/Users/aouidetoussama/workspace_event-driven-design/twitter-to-kafka-service"/>
    <property name="os.arch" value="x86_64"/>
    <property name="java.vm.specification.name" value="Java Virtual Machine Specification"/>
    <property name="PID" value="10432"/>
    <property name="CONSOLE_LOG_CHARSET" value="UTF-8"/>
    <property name="native.encoding" value="UTF-8"/>
    <property name="java.library.path" value="/Users/aouidetoussama/Library/Java/Extensions:/Library/Java/Extensions:/Network/Library/Java/Extensions:/System/Library/Java/Extensions:/usr/lib/java:."/>
    <property name="java.vm.info" value="mixed mode, sharing"/>
    <property name="stderr.encoding" value="UTF-8"/>
    <property name="java.vendor" value="Oracle Corporation"/>
    <property name="java.vm.version" value="22.0.1+8-16"/>
    <property name="sun.io.unicode.encoding" value="UnicodeBig"/>
    <property name="socksNonProxyHosts" value="local|*.local|169.254/16|*.169.254/16"/>
    <property name="java.class.version" value="66.0"/>
  </properties>
  <testcase name="contextLoad" classname="com.microservices.twitter.to.kafka.service.TwitterToKafkaApplicationTest" time="1.235">
    <system-out><![CDATA[09:50:41,925 |-INFO in ch.qos.logback.classic.LoggerContext[default] - This is logback-classic version 1.5.18
09:50:41,928 |-INFO in ch.qos.logback.classic.util.ContextInitializer@55c53a33 - Here is a list of configurators discovered as a service, by rank: 
09:50:41,928 |-INFO in ch.qos.logback.classic.util.ContextInitializer@55c53a33 -   org.springframework.boot.logging.logback.RootLogLevelConfigurator
09:50:41,928 |-INFO in ch.qos.logback.classic.util.ContextInitializer@55c53a33 - They will be invoked in order until ExecutionStatus.DO_NOT_INVOKE_NEXT_IF_ANY is returned.
09:50:41,928 |-INFO in ch.qos.logback.classic.util.ContextInitializer@55c53a33 - Constructed configurator of type class org.springframework.boot.logging.logback.RootLogLevelConfigurator
09:50:41,940 |-INFO in ch.qos.logback.classic.util.ContextInitializer@55c53a33 - org.springframework.boot.logging.logback.RootLogLevelConfigurator.configure() call lasted 0 milliseconds. ExecutionStatus=INVOKE_NEXT_IF_ANY
09:50:41,940 |-INFO in ch.qos.logback.classic.util.ContextInitializer@55c53a33 - Trying to configure with ch.qos.logback.classic.joran.SerializedModelConfigurator
09:50:41,941 |-INFO in ch.qos.logback.classic.util.ContextInitializer@55c53a33 - Constructed configurator of type class ch.qos.logback.classic.joran.SerializedModelConfigurator
09:50:41,944 |-INFO in ch.qos.logback.classic.LoggerContext[default] - Could NOT find resource [logback-test.scmo]
09:50:41,944 |-INFO in ch.qos.logback.classic.LoggerContext[default] - Could NOT find resource [logback.scmo]
09:50:41,944 |-INFO in ch.qos.logback.classic.util.ContextInitializer@55c53a33 - ch.qos.logback.classic.joran.SerializedModelConfigurator.configure() call lasted 3 milliseconds. ExecutionStatus=INVOKE_NEXT_IF_ANY
09:50:41,944 |-INFO in ch.qos.logback.classic.util.ContextInitializer@55c53a33 - Trying to configure with ch.qos.logback.classic.util.DefaultJoranConfigurator
09:50:41,945 |-INFO in ch.qos.logback.classic.util.ContextInitializer@55c53a33 - Constructed configurator of type class ch.qos.logback.classic.util.DefaultJoranConfigurator
09:50:41,945 |-INFO in ch.qos.logback.classic.LoggerContext[default] - Could NOT find resource [logback-test.xml]
09:50:41,950 |-INFO in ch.qos.logback.classic.LoggerContext[default] - Found resource [logback.xml] at [file:/Users/aouidetoussama/workspace_event-driven-design/twitter-to-kafka-service/target/classes/logback.xml]
09:50:42,130 |-WARN in ch.qos.logback.core.model.processor.ImplicitModelHandler - Ignoring unknown property [springProperty] in [ch.qos.logback.classic.LoggerContext]
09:50:42,137 |-INFO in ch.qos.logback.core.model.processor.ModelInterpretationContext@53b7f657 - value "./logs/application.log" substituted for "${LOG_PATH:-./logs}/application.log"
09:50:42,141 |-INFO in ch.qos.logback.classic.model.processor.ConfigurationModelHandlerFull - Registering a new ReconfigureOnChangeTask ReconfigureOnChangeTask(born:1746777042139)
09:50:42,146 |-INFO in ch.qos.logback.classic.model.processor.ConfigurationModelHandlerFull - Will scan for changes in [ConfigurationWatchList(mainURL=file:/Users/aouidetoussama/workspace_event-driven-design/twitter-to-kafka-service/target/classes/logback.xml, fileWatchList={/Users/aouidetoussama/workspace_event-driven-design/twitter-to-kafka-service/target/classes/logback.xml}, urlWatchList=[})] 
09:50:42,146 |-INFO in ch.qos.logback.classic.model.processor.ConfigurationModelHandlerFull - Setting ReconfigureOnChangeTask scanning period to 30 seconds
09:50:42,151 |-INFO in ch.qos.logback.core.model.processor.AppenderModelHandler - Processing appender named [CONSOLE]
09:50:42,151 |-INFO in ch.qos.logback.core.model.processor.AppenderModelHandler - About to instantiate appender of type [ch.qos.logback.core.ConsoleAppender]
09:50:42,154 |-INFO in ch.qos.logback.core.model.processor.ImplicitModelHandler - Assuming default type [ch.qos.logback.classic.encoder.PatternLayoutEncoder] for [encoder] property
09:50:42,214 |-INFO in ch.qos.logback.core.ConsoleAppender[CONSOLE] - BEWARE: Writing to the console can be very slow. Avoid logging to the 
09:50:42,214 |-INFO in ch.qos.logback.core.ConsoleAppender[CONSOLE] - console in production environments, especially in high volume systems.
09:50:42,214 |-INFO in ch.qos.logback.core.ConsoleAppender[CONSOLE] - See also https://logback.qos.ch/codes.html#slowConsole
09:50:42,214 |-INFO in ch.qos.logback.core.model.processor.AppenderModelHandler - Processing appender named [FILE]
09:50:42,214 |-INFO in ch.qos.logback.core.model.processor.AppenderModelHandler - About to instantiate appender of type [ch.qos.logback.core.rolling.RollingFileAppender]
09:50:42,218 |-INFO in ch.qos.logback.core.model.processor.ModelInterpretationContext@53b7f657 - value "./twitter-to-kafka-service/logs/twitter-to-kafka-service" substituted for "${DEV_HOME}/${APP_NAME}"
09:50:42,222 |-INFO in ch.qos.logback.core.model.processor.ModelInterpretationContext@53b7f657 - value "./twitter-to-kafka-service/logs/archived/twitter-to-kafka-service-log.%d{yyyy-MM-dd}.gz" substituted for "${DEV_HOME}/archived/${APP_NAME}-log.%d{yyyy-MM-dd}.gz"
09:50:42,227 |-INFO in c.q.l.core.rolling.TimeBasedRollingPolicy@2038105753 - Will use gz compression
09:50:42,233 |-INFO in c.q.l.core.rolling.TimeBasedRollingPolicy@2038105753 - Will use the pattern ./twitter-to-kafka-service/logs/archived/twitter-to-kafka-service-log.%d{yyyy-MM-dd} for the active file
09:50:42,265 |-INFO in c.q.l.core.rolling.DefaultTimeBasedFileNamingAndTriggeringPolicy - The date pattern is 'yyyy-MM-dd' from file name pattern './twitter-to-kafka-service/logs/archived/twitter-to-kafka-service-log.%d{yyyy-MM-dd}.gz'.
09:50:42,265 |-INFO in c.q.l.core.rolling.DefaultTimeBasedFileNamingAndTriggeringPolicy - Roll-over at midnight.
09:50:42,274 |-INFO in c.q.l.core.rolling.DefaultTimeBasedFileNamingAndTriggeringPolicy - Setting initial period to 2025-05-09T07:50:42.274Z
09:50:42,276 |-INFO in ch.qos.logback.core.model.processor.ImplicitModelHandler - Assuming default type [ch.qos.logback.classic.encoder.PatternLayoutEncoder] for [encoder] property
09:50:42,278 |-INFO in ch.qos.logback.core.rolling.RollingFileAppender[FILE] - Active log file name: ./twitter-to-kafka-service/logs/twitter-to-kafka-service
09:50:42,278 |-INFO in ch.qos.logback.core.rolling.RollingFileAppender[FILE] - File property is set to [./twitter-to-kafka-service/logs/twitter-to-kafka-service]
09:50:42,279 |-INFO in ch.qos.logback.classic.model.processor.RootLoggerModelHandler - Setting level of ROOT logger to INFO
09:50:42,280 |-INFO in ch.qos.logback.core.model.processor.AppenderRefModelHandler - Attaching appender named [CONSOLE] to Logger[ROOT]
09:50:42,280 |-INFO in ch.qos.logback.core.model.processor.AppenderRefModelHandler - Attaching appender named [FILE] to Logger[ROOT]
09:50:42,281 |-INFO in ch.qos.logback.classic.model.processor.LoggerModelHandler - Setting level of logger [org.springframework] to INFO
09:50:42,281 |-INFO in ch.qos.logback.classic.model.processor.LoggerModelHandler - Setting level of logger [com.microservices.twitter.to.kafka] to INFO
09:50:42,281 |-INFO in ch.qos.logback.core.model.processor.DefaultProcessor@5a37d3ed - End of configuration.
09:50:42,282 |-INFO in ch.qos.logback.classic.joran.JoranConfigurator@26df6e3a - Registering current configuration as safe fallback point
09:50:42,282 |-INFO in ch.qos.logback.classic.util.ContextInitializer@55c53a33 - ch.qos.logback.classic.util.DefaultJoranConfigurator.configure() call lasted 337 milliseconds. ExecutionStatus=DO_NOT_INVOKE_NEXT_IF_ANY

2025-05-09 09:50:42 INFO  [main] o.s.t.c.s.AnnotationConfigContextLoaderUtils - Could not detect default configuration classes for test class [com.microservices.twitter.to.kafka.service.TwitterToKafkaApplicationTest]: TwitterToKafkaApplicationTest does not declare any static, non-private, non-final, nested classes annotated with @Configuration.
2025-05-09 09:50:42 INFO  [main] o.s.b.t.c.SpringBootTestContextBootstrapper - Found @SpringBootConfiguration com.microservices.twitter.to.kafka.service.TwitterToKafkaApplication for test class com.microservices.twitter.to.kafka.service.TwitterToKafkaApplicationTest

  .   ____          _            __ _ _
 /\\ / ___'_ __ _ _(_)_ __  __ _ \ \ \ \
( ( )\___ | '_ | '_| | '_ \/ _` | \ \ \ \
 \\/  ___)| |_)| | | | | || (_| |  ) ) ) )
  '  |____| .__|_| |_|_| |_\__, | / / / /
 =========|_|==============|___/=/_/_/_/

 :: Spring Boot ::                (v3.4.5)

2025-05-09 09:50:43 INFO  [main] c.m.t.t.k.s.TwitterToKafkaApplicationTest - Starting TwitterToKafkaApplicationTest using Java 22.0.1 with PID 10432 (started by aouidetoussama in /Users/aouidetoussama/workspace_event-driven-design/twitter-to-kafka-service)
2025-05-09 09:50:43 INFO  [main] c.m.t.t.k.s.TwitterToKafkaApplicationTest - No active profile set, falling back to 1 default profile: "default"
2025-05-09 09:50:44 INFO  [main] c.m.t.t.k.s.TwitterToKafkaApplicationTest - Started TwitterToKafkaApplicationTest in 1.205 seconds (process running for 3.137)
2025-05-09 09:50:44 INFO  [main] c.m.t.t.k.s.TwitterToKafkaApplication - App Starting
2025-05-09 09:50:44 INFO  [main] c.m.t.t.k.s.TwitterToKafkaApplication - [Java, Microservices, Spring, Kafka, ElasticSearch]
]]></system-out>
    <system-err><![CDATA[Mockito is currently self-attaching to enable the inline-mock-maker. This will no longer work in future releases of the JDK. Please add Mockito as an agent to your build what is described in Mockito's documentation: https://javadoc.io/doc/org.mockito/mockito-core/latest/org/mockito/Mockito.html#0.3
WARNING: A Java agent has been loaded dynamically (/Users/aouidetoussama/.m2/repository/net/bytebuddy/byte-buddy-agent/1.15.11/byte-buddy-agent-1.15.11.jar)
WARNING: If a serviceability tool is in use, please run with -XX:+EnableDynamicAgentLoading to hide this warning
WARNING: If a serviceability tool is not in use, please run with -Djdk.instrument.traceUsage for more information
WARNING: Dynamic loading of agents will be disallowed by default in a future release
]]></system-err>
  </testcase>
</testsuite>